[11:19:01] [main/INFO]: Setting user: Player482
[11:19:02] [Client thread/INFO]: LWJGL Version: 2.9.1
[11:19:05] [Client thread/INFO]: Reloading ResourceManager: Default, FMLFileResourcePack:Forge Mod Loader, FMLFileResourcePack:Minecraft Forge, FMLFileResourcePack:helloworldblock, FMLFileResourcePack:helloworldblocksolved
[11:19:06] [Sound Library Loader/INFO]: Sound engine started
[11:19:06] [Client thread/INFO]: Created: 512x256 textures/blocks-atlas
[11:19:07] [Client thread/INFO]: Created: 256x256 textures/items-atlas
[11:19:07] [Client thread/INFO]: Reloading ResourceManager: Default, FMLFileResourcePack:Forge Mod Loader, FMLFileResourcePack:Minecraft Forge, FMLFileResourcePack:helloworldblock, FMLFileResourcePack:helloworldblocksolved
[11:19:07] [Client thread/INFO]: Created: 256x256 textures/items-atlas
[11:19:07] [Client thread/INFO]: Created: 512x256 textures/blocks-atlas
[11:19:07] [Client thread/INFO]: Reloading ResourceManager: Default, FMLFileResourcePack:Forge Mod Loader, FMLFileResourcePack:Minecraft Forge, FMLFileResourcePack:helloworldblock, FMLFileResourcePack:helloworldblocksolved
[11:19:08] [Client thread/INFO]: Created: 256x256 textures/items-atlas
[11:19:08] [Client thread/INFO]: Created: 512x256 textures/blocks-atlas
[11:19:08] [Sound Library Loader/INFO]: Sound engine started
[11:19:12] [Server thread/INFO]: Starting integrated minecraft server version 1.7.10
[11:19:12] [Server thread/INFO]: Generating keypair
[11:19:13] [Server thread/INFO]: Preparing start region for level 0
[11:19:14] [Server thread/INFO]: Changing view distance to 12, from 10
[11:19:14] [Server thread/INFO]: Player482[local:E:8cb0fd70] logged in with entity id 424 at (-82.70595506389748, 64.0, 271.8302260003078)
[11:19:14] [Server thread/INFO]: Player482 joined the game
[11:19:14] [Server thread/INFO]: Saving and pausing game...
[11:19:14] [Server thread/INFO]: Saving chunks for level 'New World'/Overworld
[11:19:14] [Server thread/INFO]: Saving chunks for level 'New World'/Nether
[11:19:14] [Server thread/INFO]: Saving chunks for level 'New World'/The End
[11:19:16] [Server thread/INFO]: Saving and pausing game...
[11:19:16] [Server thread/INFO]: Saving chunks for level 'New World'/Overworld
[11:19:16] [Server thread/INFO]: Saving chunks for level 'New World'/Nether
[11:19:16] [Server thread/INFO]: Saving chunks for level 'New World'/The End
[11:19:17] [Server thread/INFO]: Stopping server
[11:19:17] [Server thread/INFO]: Saving players
[11:19:17] [Server thread/INFO]: Saving worlds
[11:19:17] [Server thread/INFO]: Saving chunks for level 'New World'/Overworld
[11:19:17] [Server thread/INFO]: Saving chunks for level 'New World'/Nether
[11:19:17] [Server thread/INFO]: Saving chunks for level 'New World'/The End
[11:19:19] [Client thread/INFO]: Stopping!
