[14:23:01] [main/INFO]: Setting user: Player847
[14:23:02] [Client thread/INFO]: LWJGL Version: 2.9.1
[14:23:05] [Client thread/INFO]: Reloading ResourceManager: Default, FMLFileResourcePack:Forge Mod Loader, FMLFileResourcePack:Minecraft Forge, FMLFileResourcePack:helloworlditemsolved
[14:23:06] [Sound Library Loader/INFO]: Sound engine started
[14:23:06] [Client thread/INFO]: Created: 512x256 textures/blocks-atlas
[14:23:06] [Client thread/INFO]: Created: 256x256 textures/items-atlas
[14:23:06] [Client thread/INFO]: Reloading ResourceManager: Default, FMLFileResourcePack:Forge Mod Loader, FMLFileResourcePack:Minecraft Forge, FMLFileResourcePack:helloworlditemsolved
[14:23:06] [Client thread/INFO]: Created: 256x256 textures/items-atlas
[14:23:06] [Client thread/INFO]: Created: 512x256 textures/blocks-atlas
[14:23:07] [Client thread/INFO]: Reloading ResourceManager: Default, FMLFileResourcePack:Forge Mod Loader, FMLFileResourcePack:Minecraft Forge, FMLFileResourcePack:helloworlditemsolved
[14:23:07] [Client thread/INFO]: Created: 256x256 textures/items-atlas
[14:23:07] [Client thread/INFO]: Created: 512x256 textures/blocks-atlas
[14:23:07] [Sound Library Loader/INFO]: Sound engine started
[14:23:48] [Sound Library Loader/INFO]: Sound engine started
[14:23:48] [Client thread/FATAL]: Unreported exception thrown!
java.lang.UnsatisfiedLinkError: org.lwjgl.openal.AL10.nalGetSourcei(II)I
	at org.lwjgl.openal.AL10.nalGetSourcei(Native Method) ~[lwjgl-2.9.1.jar:?]
	at org.lwjgl.openal.AL10.alGetSourcei(AL10.java:853) ~[lwjgl-2.9.1.jar:?]
	at paulscode.sound.libraries.ChannelLWJGLOpenAL.playing(ChannelLWJGLOpenAL.java:651) ~[ChannelLWJGLOpenAL.class:?]
	at paulscode.sound.Source.playing(Source.java:1213) ~[Source.class:?]
	at net.minecraft.client.audio.SoundManager$SoundSystemStarterThread.playing(SoundManager.java:548) ~[SoundManager$SoundSystemStarterThread.class:?]
	at net.minecraft.client.audio.SoundManager.isSoundPlaying(SoundManager.java:314) ~[SoundManager.class:?]
	at net.minecraft.client.audio.SoundHandler.isSoundPlaying(SoundHandler.java:278) ~[SoundHandler.class:?]
	at net.minecraft.client.audio.MusicTicker.update(MusicTicker.java:40) ~[MusicTicker.class:?]
	at net.minecraft.client.Minecraft.runTick(Minecraft.java:2104) ~[Minecraft.class:?]
	at net.minecraft.client.Minecraft.runGameLoop(Minecraft.java:1040) ~[Minecraft.class:?]
	at net.minecraft.client.Minecraft.run(Minecraft.java:962) [Minecraft.class:?]
	at net.minecraft.client.main.Main.main(Main.java:164) [Main.class:?]
	at sun.reflect.NativeMethodAccessorImpl.invoke0(Native Method) ~[?:1.7.0_79]
	at sun.reflect.NativeMethodAccessorImpl.invoke(NativeMethodAccessorImpl.java:57) ~[?:1.7.0_79]
	at sun.reflect.DelegatingMethodAccessorImpl.invoke(DelegatingMethodAccessorImpl.java:43) ~[?:1.7.0_79]
	at java.lang.reflect.Method.invoke(Method.java:606) ~[?:1.7.0_79]
	at net.minecraft.launchwrapper.Launch.launch(Launch.java:135) [launchwrapper-1.11.jar:?]
	at net.minecraft.launchwrapper.Launch.main(Launch.java:28) [launchwrapper-1.11.jar:?]
	at net.minecraftforge.gradle.GradleStartCommon.launch(Unknown Source) [start/:?]
	at GradleStart.main(Unknown Source) [start/:?]
]: [CHAT] Es funktioniert!
[14:23:51] [Server thread/INFO]: Saving and pausing game...
[14:23:51] [Server thread/INFO]: Saving chunks for level 'New World'/Overworld
[14:23:51] [Server thread/INFO]: Saving chunks for level 'New World'/Nether
[14:23:51] [Server thread/INFO]: Saving chunks for level 'New World'/The End
[14:23:52] [Server thread/INFO]: Stopping server
[14:23:52] [Server thread/INFO]: Saving players
[14:23:52] [Server thread/INFO]: Saving worlds
[14:23:52] [Server thread/INFO]: Saving chunks for level 'New World'/Overworld
[14:23:52] [Server thread/INFO]: Saving chunks for level 'New World'/Nether
[14:23:52] [Server thread/INFO]: Saving chunks for level 'New World'/The End
[14:23:54] [Client thread/INFO]: Stopping!
