[14:52:28] [main/INFO]: Setting user: Player612
[14:52:29] [Client thread/INFO]: LWJGL Version: 2.9.1
[14:52:32] [Client thread/INFO]: Reloading ResourceManager: Default, FMLFileResourcePack:Forge Mod Loader, FMLFileResourcePack:Minecraft Forge, FMLFileResourcePack:helloworldcommandSolved
[14:52:33] [Sound Library Loader/INFO]: Sound engine started
[14:52:33] [Client thread/INFO]: Created: 512x256 textures/blocks-atlas
[14:52:33] [Client thread/INFO]: Created: 256x256 textures/items-atlas
[14:52:33] [Client thread/INFO]: Reloading ResourceManager: Default, FMLFileResourcePack:Forge Mod Loader, FMLFileResourcePack:Minecraft Forge, FMLFileResourcePack:helloworldcommandSolved
[14:52:34] [Client thread/INFO]: Created: 256x256 textures/items-atlas
[14:52:34] [Client thread/INFO]: Created: 512x256 textures/blocks-atlas
[14:52:34] [Client thread/INFO]: Reloading ResourceManager: Default, FMLFileResourcePack:Forge Mod Loader, FMLFileResourcePack:Minecraft Forge, FMLFileResourcePack:helloworldcommandSolved
[14:52:34] [Client thread/INFO]: Created: 256x256 textures/items-atlas
[14:52:35] [Client thread/INFO]: Created: 512x256 textures/blocks-atlas
[14:52:35] [Sound Library Loader/INFO]: Sound engine started
[14:52:37] [Server thread/INFO]: Starting integrated minecraft server version 1.7.10
[14:52:37] [Server thread/INFO]: Generating keypair
[14:52:37] [Server thread/INFO]: Preparing start region for level 0
[14:52:38] [Server thread/INFO]: Changing view distance to 12, from 10
[14:52:38] [Server thread/INFO]: Player612[local:E:f16a21c3] logged in with entity id 489 at (214.5, 66.0, 255.5)
[14:52:38] [Server thread/INFO]: Player612 joined the game
[14:52:40] [Server thread/INFO]: Player612 has just earned the achievement [Taking Inventory]
[14:52:40] [Client thread/INFO]: [CHAT] Player612 has just earned the achievement [Taking Inventory]
[14:52:44] [Client thread/INFO]: [CHAT] Hello World!
[14:52:46] [Server thread/INFO]: Saving and pausing game...
[14:52:46] [Server thread/INFO]: Saving chunks for level 'New World'/Overworld
[14:52:46] [Server thread/INFO]: Saving chunks for level 'New World'/Nether
[14:52:46] [Server thread/INFO]: Saving chunks for level 'New World'/The End
[14:52:46] [Server thread/INFO]: Stopping server
[14:52:46] [Server thread/INFO]: Saving players
[14:52:46] [Server thread/INFO]: Saving worlds
[14:52:46] [Server thread/INFO]: Saving chunks for level 'New World'/Overworld
[14:52:46] [Server thread/INFO]: Saving chunks for level 'New World'/Nether
[14:52:46] [Server thread/INFO]: Saving chunks for level 'New World'/The End
[14:52:48] [Client thread/INFO]: Stopping!
